<?xml version="1.0" encoding="UTF-8"?>
<!-- Generated by org.testng.reporters.JUnitReportReporter -->
<testsuite hostname="P2B4RND202" name="Utilities.CapturingScreenshot" tests="1" failures="1" timestamp="16 Mar 2017 01:42:25 GMT" time="46.263" errors="0">
  <testcase name="captureScreenshot" time="46.263" classname="Utilities.CapturingScreenshot">
    <failure type="org.openqa.selenium.WebDriverException" message="Failed to connect to binary FirefoxBinary(C:\Program Files (x86)\Mozilla Firefox\firefox.exe) on port 7055; process output follows: 
l,&quot;softDisabled&quot;:false,&quot;foreignInstall&quot;:false,&quot;hasBinaryComponents&quot;:false,&quot;strictCompatibility&quot;:true,&quot;locales&quot;:[],&quot;targetApplications&quot;:[{&quot;id&quot;:&quot;{ec8030f7-c20a-464f-9b0e-13a3a9e97384}&quot;,&quot;minVersion&quot;:&quot;51.0.1&quot;,&quot;maxVersion&quot;:&quot;51.0.1&quot;}],&quot;targetPlatforms&quot;:[],&quot;seen&quot;:true,&quot;dependencies&quot;:[],&quot;hasEmbeddedWebExtension&quot;:false}
1489628500393	addons.xpi	DEBUG	getModTime: Recursive scan of {972ce4c6-7e08-4474-a285-3208198ce6fd}
1489628500394	DeferredSave.extensions.json	DEBUG	Save changes
1489628500394	addons.xpi	DEBUG	Updating database with changes to installed add-ons
1489628500394	addons.xpi-utils	DEBUG	Updating add-on states
1489628500395	addons.xpi-utils	DEBUG	Writing add-ons list
1489628500400	addons.xpi	DEBUG	Registering manifest for C:\Program Files (x86)\Mozilla Firefox\browser\features\aushelper@mozilla.org.xpi
1489628500401	addons.xpi	DEBUG	Calling bootstrap method startup on aushelper@mozilla.org version 1.0
1489628500404	addons.xpi	DEBUG	Registering manifest for C:\Program Files (x86)\Mozilla Firefox\browser\features\e10srollout@mozilla.org.xpi
1489628500405	addons.xpi	DEBUG	Calling bootstrap method startup on e10srollout@mozilla.org version 1.7
1489628500406	addons.xpi	DEBUG	Registering manifest for C:\Program Files (x86)\Mozilla Firefox\browser\features\firefox@getpocket.com.xpi
1489628500408	addons.xpi	DEBUG	Calling bootstrap method startup on firefox@getpocket.com version 1.0.5
1489628500409	addons.xpi	DEBUG	Registering manifest for C:\Program Files (x86)\Mozilla Firefox\browser\features\webcompat@mozilla.org.xpi
1489628500409	addons.xpi	DEBUG	Calling bootstrap method startup on webcompat@mozilla.org version 1.0
1489628500412	addons.manager	DEBUG	Registering shutdown blocker for XPIProvider
1489628500413	addons.manager	DEBUG	Provider finished startup: XPIProvider
1489628500414	addons.manager	DEBUG	Starting provider: LightweightThemeManager
1489628500414	addons.manager	DEBUG	Registering shutdown blocker for LightweightThemeManager
1489628500414	addons.manager	DEBUG	Provider finished startup: LightweightThemeManager
1489628500415	addons.manager	DEBUG	Starting provider: GMPProvider
1489628500424	addons.manager	DEBUG	Registering shutdown blocker for GMPProvider
1489628500424	addons.manager	DEBUG	Provider finished startup: GMPProvider
1489628500424	addons.manager	DEBUG	Starting provider: PluginProvider
1489628500425	addons.manager	DEBUG	Registering shutdown blocker for PluginProvider
1489628500425	addons.manager	DEBUG	Provider finished startup: PluginProvider
1489628500426	addons.manager	DEBUG	Completed startup sequence
Crash Annotation GraphicsCriticalError: |[0][GFX1-]: PossiblyBrokenSurfaceSharing_UnexpectedAMDGPU (t=4.88657) [GFX1-]: PossiblyBrokenSurfaceSharing_UnexpectedAMDGPU
1489628503280	addons.manager	DEBUG	Starting provider: &lt;unnamed-provider&gt;
1489628503280	addons.manager	DEBUG	Registering shutdown blocker for &lt;unnamed-provider&gt;
1489628503281	addons.manager	DEBUG	Provider finished startup: &lt;unnamed-provider&gt;
1489628503579	DeferredSave.extensions.json	DEBUG	Write succeeded
1489628503579	addons.xpi-utils	DEBUG	XPI Database saved, setting schema version preference to 19
1489628503579	DeferredSave.extensions.json	DEBUG	Starting timer
1489628503593	addons.repository	DEBUG	No addons.json found.
1489628503593	DeferredSave.addons.json	DEBUG	Save changes
1489628503595	DeferredSave.addons.json	DEBUG	Starting timer
1489628503625	addons.manager	DEBUG	Starting provider: PreviousExperimentProvider
1489628503625	addons.manager	DEBUG	Registering shutdown blocker for PreviousExperimentProvider
1489628503625	addons.manager	DEBUG	Provider finished startup: PreviousExperimentProvider
1489628503628	DeferredSave.extensions.json	DEBUG	Starting write
1489628503655	DeferredSave.addons.json	DEBUG	Starting write
1489628503662	DeferredSave.extensions.json	DEBUG	Write succeeded
1489628503669	DeferredSave.addons.json	DEBUG	Write succeeded
Crash Annotation GraphicsCriticalError: |[C0][GFX1-]: PossiblyBrokenSurfaceSharing_UnexpectedAMDGPU (t=1.36469) [GFX1-]: PossiblyBrokenSurfaceSharing_UnexpectedAMDGPU

Build info: version: &#039;2.53.1&#039;, revision: &#039;a36b8b1cd5757287168e54b817830adce9b0158d&#039;, time: &#039;2016-06-30 19:26:09&#039;
System info: host: &#039;P2B4RND202&#039;, ip: &#039;10.24.119.122&#039;, os.name: &#039;Windows 7&#039;, os.arch: &#039;x86&#039;, os.version: &#039;6.1&#039;, java.version: &#039;1.8.0_40&#039;
Driver info: driver.version: FirefoxDriver">
      <![CDATA[org.openqa.selenium.WebDriverException: Failed to connect to binary FirefoxBinary(C:\Program Files (x86)\Mozilla Firefox\firefox.exe) on port 7055; process output follows: 
l,"softDisabled":false,"foreignInstall":false,"hasBinaryComponents":false,"strictCompatibility":true,"locales":[],"targetApplications":[{"id":"{ec8030f7-c20a-464f-9b0e-13a3a9e97384}","minVersion":"51.0.1","maxVersion":"51.0.1"}],"targetPlatforms":[],"seen":true,"dependencies":[],"hasEmbeddedWebExtension":false}
1489628500393	addons.xpi	DEBUG	getModTime: Recursive scan of {972ce4c6-7e08-4474-a285-3208198ce6fd}
1489628500394	DeferredSave.extensions.json	DEBUG	Save changes
1489628500394	addons.xpi	DEBUG	Updating database with changes to installed add-ons
1489628500394	addons.xpi-utils	DEBUG	Updating add-on states
1489628500395	addons.xpi-utils	DEBUG	Writing add-ons list
1489628500400	addons.xpi	DEBUG	Registering manifest for C:\Program Files (x86)\Mozilla Firefox\browser\features\aushelper@mozilla.org.xpi
1489628500401	addons.xpi	DEBUG	Calling bootstrap method startup on aushelper@mozilla.org version 1.0
1489628500404	addons.xpi	DEBUG	Registering manifest for C:\Program Files (x86)\Mozilla Firefox\browser\features\e10srollout@mozilla.org.xpi
1489628500405	addons.xpi	DEBUG	Calling bootstrap method startup on e10srollout@mozilla.org version 1.7
1489628500406	addons.xpi	DEBUG	Registering manifest for C:\Program Files (x86)\Mozilla Firefox\browser\features\firefox@getpocket.com.xpi
1489628500408	addons.xpi	DEBUG	Calling bootstrap method startup on firefox@getpocket.com version 1.0.5
1489628500409	addons.xpi	DEBUG	Registering manifest for C:\Program Files (x86)\Mozilla Firefox\browser\features\webcompat@mozilla.org.xpi
1489628500409	addons.xpi	DEBUG	Calling bootstrap method startup on webcompat@mozilla.org version 1.0
1489628500412	addons.manager	DEBUG	Registering shutdown blocker for XPIProvider
1489628500413	addons.manager	DEBUG	Provider finished startup: XPIProvider
1489628500414	addons.manager	DEBUG	Starting provider: LightweightThemeManager
1489628500414	addons.manager	DEBUG	Registering shutdown blocker for LightweightThemeManager
1489628500414	addons.manager	DEBUG	Provider finished startup: LightweightThemeManager
1489628500415	addons.manager	DEBUG	Starting provider: GMPProvider
1489628500424	addons.manager	DEBUG	Registering shutdown blocker for GMPProvider
1489628500424	addons.manager	DEBUG	Provider finished startup: GMPProvider
1489628500424	addons.manager	DEBUG	Starting provider: PluginProvider
1489628500425	addons.manager	DEBUG	Registering shutdown blocker for PluginProvider
1489628500425	addons.manager	DEBUG	Provider finished startup: PluginProvider
1489628500426	addons.manager	DEBUG	Completed startup sequence
Crash Annotation GraphicsCriticalError: |[0][GFX1-]: PossiblyBrokenSurfaceSharing_UnexpectedAMDGPU (t=4.88657) [GFX1-]: PossiblyBrokenSurfaceSharing_UnexpectedAMDGPU
1489628503280	addons.manager	DEBUG	Starting provider: <unnamed-provider>
1489628503280	addons.manager	DEBUG	Registering shutdown blocker for <unnamed-provider>
1489628503281	addons.manager	DEBUG	Provider finished startup: <unnamed-provider>
1489628503579	DeferredSave.extensions.json	DEBUG	Write succeeded
1489628503579	addons.xpi-utils	DEBUG	XPI Database saved, setting schema version preference to 19
1489628503579	DeferredSave.extensions.json	DEBUG	Starting timer
1489628503593	addons.repository	DEBUG	No addons.json found.
1489628503593	DeferredSave.addons.json	DEBUG	Save changes
1489628503595	DeferredSave.addons.json	DEBUG	Starting timer
1489628503625	addons.manager	DEBUG	Starting provider: PreviousExperimentProvider
1489628503625	addons.manager	DEBUG	Registering shutdown blocker for PreviousExperimentProvider
1489628503625	addons.manager	DEBUG	Provider finished startup: PreviousExperimentProvider
1489628503628	DeferredSave.extensions.json	DEBUG	Starting write
1489628503655	DeferredSave.addons.json	DEBUG	Starting write
1489628503662	DeferredSave.extensions.json	DEBUG	Write succeeded
1489628503669	DeferredSave.addons.json	DEBUG	Write succeeded
Crash Annotation GraphicsCriticalError: |[C0][GFX1-]: PossiblyBrokenSurfaceSharing_UnexpectedAMDGPU (t=1.36469) [GFX1-]: PossiblyBrokenSurfaceSharing_UnexpectedAMDGPU

Build info: version: '2.53.1', revision: 'a36b8b1cd5757287168e54b817830adce9b0158d', time: '2016-06-30 19:26:09'
System info: host: 'P2B4RND202', ip: '10.24.119.122', os.name: 'Windows 7', os.arch: 'x86', os.version: '6.1', java.version: '1.8.0_40'
Driver info: driver.version: FirefoxDriver
	at org.openqa.selenium.firefox.internal.NewProfileExtensionConnection.start(NewProfileExtensionConnection.java:125)
	at org.openqa.selenium.firefox.FirefoxDriver.startClient(FirefoxDriver.java:271)
	at org.openqa.selenium.remote.RemoteWebDriver.<init>(RemoteWebDriver.java:119)
	at org.openqa.selenium.firefox.FirefoxDriver.<init>(FirefoxDriver.java:216)
	at org.openqa.selenium.firefox.FirefoxDriver.<init>(FirefoxDriver.java:211)
	at org.openqa.selenium.firefox.FirefoxDriver.<init>(FirefoxDriver.java:207)
	at org.openqa.selenium.firefox.FirefoxDriver.<init>(FirefoxDriver.java:120)
	at Utilities.CapturingScreenshot.captureScreenshot(CapturingScreenshot.java:32)
	at sun.reflect.NativeMethodAccessorImpl.invoke0(Native Method)
	at sun.reflect.NativeMethodAccessorImpl.invoke(Unknown Source)
	at sun.reflect.DelegatingMethodAccessorImpl.invoke(Unknown Source)
	at java.lang.reflect.Method.invoke(Unknown Source)
	at org.testng.internal.MethodInvocationHelper.invokeMethod(MethodInvocationHelper.java:80)
	at org.testng.internal.Invoker.invokeMethod(Invoker.java:714)
	at org.testng.internal.Invoker.invokeTestMethod(Invoker.java:901)
	at org.testng.internal.Invoker.invokeTestMethods(Invoker.java:1231)
	at org.testng.internal.TestMethodWorker.invokeTestMethods(TestMethodWorker.java:127)
	at org.testng.internal.TestMethodWorker.run(TestMethodWorker.java:111)
	at org.testng.TestRunner.privateRun(TestRunner.java:767)
	at org.testng.TestRunner.run(TestRunner.java:617)
	at org.testng.SuiteRunner.runTest(SuiteRunner.java:334)
	at org.testng.SuiteRunner.runSequentially(SuiteRunner.java:329)
	at org.testng.SuiteRunner.privateRun(SuiteRunner.java:291)
	at org.testng.SuiteRunner.run(SuiteRunner.java:240)
	at org.testng.SuiteRunnerWorker.runSuite(SuiteRunnerWorker.java:52)
	at org.testng.SuiteRunnerWorker.run(SuiteRunnerWorker.java:86)
	at org.testng.TestNG.runSuitesSequentially(TestNG.java:1198)
	at org.testng.TestNG.runSuitesLocally(TestNG.java:1123)
	at org.testng.TestNG.run(TestNG.java:1031)
	at org.testng.remote.AbstractRemoteTestNG.run(AbstractRemoteTestNG.java:126)
	at org.testng.remote.RemoteTestNG.initAndRun(RemoteTestNG.java:152)
	at org.testng.remote.RemoteTestNG.main(RemoteTestNG.java:57)
Caused by: org.openqa.selenium.firefox.NotConnectedException: Unable to connect to host 127.0.0.1 on port 7055 after 45000 ms. Firefox console output:
l,"softDisabled":false,"foreignInstall":false,"hasBinaryComponents":false,"strictCompatibility":true,"locales":[],"targetApplications":[{"id":"{ec8030f7-c20a-464f-9b0e-13a3a9e97384}","minVersion":"51.0.1","maxVersion":"51.0.1"}],"targetPlatforms":[],"seen":true,"dependencies":[],"hasEmbeddedWebExtension":false}
1489628500393	addons.xpi	DEBUG	getModTime: Recursive scan of {972ce4c6-7e08-4474-a285-3208198ce6fd}
1489628500394	DeferredSave.extensions.json	DEBUG	Save changes
1489628500394	addons.xpi	DEBUG	Updating database with changes to installed add-ons
1489628500394	addons.xpi-utils	DEBUG	Updating add-on states
1489628500395	addons.xpi-utils	DEBUG	Writing add-ons list
1489628500400	addons.xpi	DEBUG	Registering manifest for C:\Program Files (x86)\Mozilla Firefox\browser\features\aushelper@mozilla.org.xpi
1489628500401	addons.xpi	DEBUG	Calling bootstrap method startup on aushelper@mozilla.org version 1.0
1489628500404	addons.xpi	DEBUG	Registering manifest for C:\Program Files (x86)\Mozilla Firefox\browser\features\e10srollout@mozilla.org.xpi
1489628500405	addons.xpi	DEBUG	Calling bootstrap method startup on e10srollout@mozilla.org version 1.7
1489628500406	addons.xpi	DEBUG	Registering manifest for C:\Program Files (x86)\Mozilla Firefox\browser\features\firefox@getpocket.com.xpi
1489628500408	addons.xpi	DEBUG	Calling bootstrap method startup on firefox@getpocket.com version 1.0.5
1489628500409	addons.xpi	DEBUG	Registering manifest for C:\Program Files (x86)\Mozilla Firefox\browser\features\webcompat@mozilla.org.xpi
1489628500409	addons.xpi	DEBUG	Calling bootstrap method startup on webcompat@mozilla.org version 1.0
1489628500412	addons.manager	DEBUG	Registering shutdown blocker for XPIProvider
1489628500413	addons.manager	DEBUG	Provider finished startup: XPIProvider
1489628500414	addons.manager	DEBUG	Starting provider: LightweightThemeManager
1489628500414	addons.manager	DEBUG	Registering shutdown blocker for LightweightThemeManager
1489628500414	addons.manager	DEBUG	Provider finished startup: LightweightThemeManager
1489628500415	addons.manager	DEBUG	Starting provider: GMPProvider
1489628500424	addons.manager	DEBUG	Registering shutdown blocker for GMPProvider
1489628500424	addons.manager	DEBUG	Provider finished startup: GMPProvider
1489628500424	addons.manager	DEBUG	Starting provider: PluginProvider
1489628500425	addons.manager	DEBUG	Registering shutdown blocker for PluginProvider
1489628500425	addons.manager	DEBUG	Provider finished startup: PluginProvider
1489628500426	addons.manager	DEBUG	Completed startup sequence
Crash Annotation GraphicsCriticalError: |[0][GFX1-]: PossiblyBrokenSurfaceSharing_UnexpectedAMDGPU (t=4.88657) [GFX1-]: PossiblyBrokenSurfaceSharing_UnexpectedAMDGPU
1489628503280	addons.manager	DEBUG	Starting provider: <unnamed-provider>
1489628503280	addons.manager	DEBUG	Registering shutdown blocker for <unnamed-provider>
1489628503281	addons.manager	DEBUG	Provider finished startup: <unnamed-provider>
1489628503579	DeferredSave.extensions.json	DEBUG	Write succeeded
1489628503579	addons.xpi-utils	DEBUG	XPI Database saved, setting schema version preference to 19
1489628503579	DeferredSave.extensions.json	DEBUG	Starting timer
1489628503593	addons.repository	DEBUG	No addons.json found.
1489628503593	DeferredSave.addons.json	DEBUG	Save changes
1489628503595	DeferredSave.addons.json	DEBUG	Starting timer
1489628503625	addons.manager	DEBUG	Starting provider: PreviousExperimentProvider
1489628503625	addons.manager	DEBUG	Registering shutdown blocker for PreviousExperimentProvider
1489628503625	addons.manager	DEBUG	Provider finished startup: PreviousExperimentProvider
1489628503628	DeferredSave.extensions.json	DEBUG	Starting write
1489628503655	DeferredSave.addons.json	DEBUG	Starting write
1489628503662	DeferredSave.extensions.json	DEBUG	Write succeeded
1489628503669	DeferredSave.addons.json	DEBUG	Write succeeded
Crash Annotation GraphicsCriticalError: |[C0][GFX1-]: PossiblyBrokenSurfaceSharing_UnexpectedAMDGPU (t=1.36469) [GFX1-]: PossiblyBrokenSurfaceSharing_UnexpectedAMDGPU

	at org.openqa.selenium.firefox.internal.NewProfileExtensionConnection.start(NewProfileExtensionConnection.java:113)
	... 31 more
]]>
    </failure>
  </testcase> <!-- captureScreenshot -->
</testsuite> <!-- Utilities.CapturingScreenshot -->
