<?xml version="1.0" encoding="UTF-8"?>
<!-- Generated by org.testng.reporters.JUnitReportReporter -->
<testsuite hostname="P2B4RND001" name="FormalSite" tests="1" failures="0" timestamp="1 Oct 2016 06:12:09 GMT" time="57.698" errors="0">
  <testcase name="US_EN" time="57.698" classname="FormalSite"/>
</testsuite> <!-- FormalSite -->
