<?xml version="1.0" encoding="UTF-8"?>
<!-- Generated by org.testng.reporters.JUnitReportReporter -->
<testsuite hostname="P2B4RND001" name="FormalSite2" tests="1" failures="0" timestamp="1 Oct 2016 06:03:22 GMT" time="58.843" errors="0">
  <testcase name="US_EN" time="58.843" classname="FormalSite2"/>
</testsuite> <!-- FormalSite2 -->
