<?xml version="1.0" encoding="UTF-8"?>
<!-- Generated by org.testng.reporters.JUnitReportReporter -->
<testsuite hostname="P2B4RND001" name="FormalSites" tests="4" failures="0" timestamp="1 Oct 2016 09:35:05 GMT" time="2096.783" errors="0">
  <testcase name="Asia" time="529.221" classname="FormalSites"/>
  <testcase name="Europe" time="1210.754" classname="FormalSites"/>
  <testcase name="America" time="260.569" classname="FormalSites"/>
  <testcase name="Global" time="96.239" classname="FormalSites"/>
</testsuite> <!-- FormalSites -->
